<?xml version="1.0" encoding="UTF-8"?>
<!-- Generated by org.testng.reporters.JUnitReportReporter -->
<testsuite skipped="0" hostname="DESKTOP-MCTOCK3" name="Crm.COmcast.maveCreateCotact.CreateContactPOm_Test" tests="1" failures="0" timestamp="2022-07-14T11:43:40 IST" time="29.566" errors="0">
  <testcase name="CreateContactTest" time="29.566" classname="Crm.COmcast.maveCreateCotact.CreateContactPOm_Test"/>
  <system-out/>
</testsuite> <!-- Crm.COmcast.maveCreateCotact.CreateContactPOm_Test -->
