<?xml version="1.0" encoding="UTF-8"?>
<!-- Generated by org.testng.reporters.JUnitReportReporter -->
<testsuite skipped="0" hostname="DESKTOP-MCTOCK3" name="Comcast.mavenorganisation.CreateOrganization_Test" tests="1" failures="0" timestamp="2022-07-14T11:38:54 IST" time="21.851" errors="0">
  <testcase name="CreateOrganisationTest" time="21.851" classname="Comcast.mavenorganisation.CreateOrganization_Test"/>
  <system-out/>
</testsuite> <!-- Comcast.mavenorganisation.CreateOrganization_Test -->
