<?xml version="1.0" encoding="UTF-8"?>
<!-- Generated by org.testng.reporters.JUnitReportReporter -->
<testsuite skipped="0" hostname="DESKTOP-MCTOCK3" name="Comcast.mavenCampaign.CreateCampaignWithProductPomTest" tests="1" failures="0" timestamp="2022-07-15T10:53:37 IST" time="53.069" errors="0">
  <testcase name="CreateproductwithCampaigtestngTest" time="53.069" classname="Comcast.mavenCampaign.CreateCampaignWithProductPomTest"/>
  <system-out>
    <![CDATA[testcase is pass,product successful
test case pass,campaingn pass]]>
  </system-out>
</testsuite> <!-- Comcast.mavenCampaign.CreateCampaignWithProductPomTest -->
